Arguments: 
  C:\Program Files\nodejs\node.exe C:\Program Files (x86)\Yarn\bin\yarn.js publish

PATH: 
  C:\Users\phughson\bin;C:\Program Files\Git\mingw64\bin;C:\Program Files\Git\usr\local\bin;C:\Program Files\Git\usr\bin;C:\Program Files\Git\usr\bin;C:\Program Files\Git\mingw64\bin;C:\Program Files\Git\usr\bin;C:\Users\phughson\bin;C:\Program Files\Docker\Docker\Resources\bin;C:\ProgramData\Oracle\Java\javapath;C:\Windows\system32;C:\Windows;C:\Windows\System32\Wbem;C:\Windows\System32\WindowsPowerShell\v1.0;C:\Program Files\Intel\WiFi\bin;C:\Program Files\Common Files\Intel\WirelessCommon;C:\Program Files\Git\cmd;C:\Program Files (x86)\GitExtensions;C:\Program Files\Microsoft SQL Server\130\Tools\Binn;C:\Program Files\dotnet;C:\Program Files\Microsoft SQL Server\120\DTS\Binn;C:\Program Files\Microsoft SQL Server\Client SDK\ODBC\110\Tools\Binn;C:\Program Files (x86)\Microsoft SQL Server\120\Tools\Binn;C:\Program Files\Microsoft SQL Server\120\Tools\Binn;C:\Program Files (x86)\Microsoft SQL Server\120\Tools\Binn\ManagementStudio;C:\Program Files (x86)\Microsoft SQL Server\120\DTS\Binn;C:\Program Files\PuTTY;C:\Program Files\OpenVPN\bin;C:\ProgramData\chocolatey\bin;C:\Program Files\Java\jdk1.8.0_152\bin;C:\Program Files\nodejs;C:\Program Files (x86)\Yarn\bin;C:\python27;C:\Users\phughson\scoop\apps\python\current\scripts;C:\Users\phughson\AppData\Local\Programs\Python\Launcher;C:\Users\phughson\scoop\shims;C:\Users\phughson\AppData\Local\Microsoft\WindowsApps;C:\Users\phughson\AppData\Local\GitHubDesktop\bin;C:\path;C:\Users\phughson\AppData\Local\Programs\Fiddler;C:\Program Files (x86)\Notepad++;C:\Users\phughson\AppData\Roaming\npm;C:\Users\phughson\AppData\Local\Yarn\bin;C:\Progra~1\maven\bin;C:\Program Files\Git\usr\bin\vendor_perl;C:\Program Files\Git\usr\bin\core_perl

Yarn version: 
  1.3.2

Node version: 
  9.4.0

Platform: 
  win32 x64

npm manifest: 
  {
    "name": "videojs-abloop",
    "version": "1.0.0",
    "description": "A video.js plugin allowing looping of a section of video, with GUI and API interface",
    "main": "videojs-abloop.js",
    "scripts": {
      "test": "mocha",
      "min": "uglifyjs videojs-abloop.js --compress --mangle -o dist/videojs-abloop.min.js"
    },
    "repository": {
      "type": "git",
      "url": "git+https://github.com/phhu/videojs-abloop.git"
    },
    "keywords": [
      "videojs-plugin",
      "videojs"
    ],
    "author": "",
    "license": "MIT",
    "bugs": {
      "url": "https://github.com/phhu/videojs-abloop/issues"
    },
    "homepage": "https://github.com/phhu/videojs-abloop#readme",
    "dependencies": {
      "chai": "^4.1.2",
      "chai-as-promised": "^7.1.1",
      "http-shutdown": "^1.2.0",
      "mocha": "^5.0.0",
      "node-static": "^0.7.7",
      "selenium-webdriver": "^4.0.0-alpha.1",
      "uglify-js": "^3.3.10"
    }
  }

yarn manifest: 
  No manifest

Lockfile: 
  No lockfile

Trace: 
  Error: https://registry.yarnpkg.com/videojs-abloop: You cannot publish over the previously published versions: 1.0.0.
      at Request.params.callback [as _callback] (C:\Program Files (x86)\Yarn\lib\cli.js:62098:18)
      at Request.self.callback (C:\Program Files (x86)\Yarn\lib\cli.js:123085:22)
      at Request.emit (events.js:160:13)
      at Request.<anonymous> (C:\Program Files (x86)\Yarn\lib\cli.js:124068:10)
      at Request.emit (events.js:160:13)
      at Gunzip.<anonymous> (C:\Program Files (x86)\Yarn\lib\cli.js:123988:12)
      at Object.onceWrapper (events.js:255:19)
      at Gunzip.emit (events.js:165:20)
      at endReadableNT (_stream_readable.js:1101:12)
      at process._tickCallback (internal/process/next_tick.js:152:19)
